<?xml version="1.0" encoding="UTF-8"?>
<!-- Generated by org.testng.reporters.JUnitReportReporter -->
<testsuite skipped="0" hostname="sreejith-PC" name="samplejittest.samlejittest" tests="1" failures="0" timestamp="17 Jun 2018 04:13:00 GMT" time="12.312" errors="0">
  <testcase name="logintest" time="12.312" classname="samplejittest.samlejittest"/>
</testsuite> <!-- samplejittest.samlejittest -->
